<?xml version="1.0" encoding="UTF-8"?>
<!-- Generated by org.testng.reporters.JUnitXMLReporter -->
<testsuite ignored="0" hostname="LIN20002860" failures="0" tests="3" name="CheckoutTest" time="91.782" errors="0" timestamp="2022-07-06T12:19:35 IST">
  <testcase classname="tests.CheckoutTest" name="Checkoutwithvaliddeliverydetails" time="31.436"/>
  <testcase classname="tests.CheckoutTest" name="CheckoutwithInvaliddeliverydetails" time="25.923"/>
  <testcase classname="tests.CheckoutTest" name="Checkoutwithnofilledddeliverydetails" time="15.39"/>
</testsuite> <!-- CheckoutTest -->
