<?xml version="1.0" encoding="UTF-8"?>
<testng-results ignored="0" total="18" passed="17" failed="1" skipped="0">
  <reporter-output>
  </reporter-output>
  <suite started-at="2022-07-08T11:35:33 IST" name="Default suite" finished-at="2022-07-08T11:39:44 IST" duration-ms="250585">
    <groups>
      <group name="cucumber">
        <method signature="AbstractTestNGCucumberTests.runScenario(io.cucumber.testng.PickleWrapper,io.cucumber.testng.FeatureWrapper)[pri:0, instance:runner.MyRunner@2e385cce]" name="runScenario" class="io.cucumber.testng.AbstractTestNGCucumberTests"/>
      </group> <!-- cucumber -->
    </groups>
    <test started-at="2022-07-08T11:35:33 IST" name="Default test" finished-at="2022-07-08T11:39:44 IST" duration-ms="250585">
      <class name="runner.MyRunner">
        <test-method is-config="true" signature="setUpClass(org.testng.ITestContext)[pri:0, instance:runner.MyRunner@2e385cce]" started-at="2022-07-08T11:35:33 IST" name="setUpClass" finished-at="2022-07-08T11:35:34 IST" duration-ms="1313" status="PASS">
          <params>
            <param index="0">
              <value>
                <![CDATA[org.testng.TestRunner@417b3642]]>
              </value>
            </param>
          </params>
          <reporter-output>
          </reporter-output>
        </test-method> <!-- setUpClass -->
        <test-method signature="runScenario(io.cucumber.testng.PickleWrapper,io.cucumber.testng.FeatureWrapper)[pri:0, instance:runner.MyRunner@2e385cce]" started-at="2022-07-08T11:35:34 IST" name="runScenario" description="Runs Cucumber Scenarios" data-provider="scenarios" finished-at="2022-07-08T11:36:12 IST" duration-ms="37586" status="PASS">
          <params>
            <param index="0">
              <value>
                <![CDATA["checkout the products as a guest user"]]>
              </value>
            </param>
            <param index="1">
              <value>
                <![CDATA["Application Checkout"]]>
              </value>
            </param>
          </params>
          <reporter-output>
          </reporter-output>
        </test-method> <!-- runScenario -->
        <test-method signature="runScenario(io.cucumber.testng.PickleWrapper,io.cucumber.testng.FeatureWrapper)[pri:0, instance:runner.MyRunner@2e385cce]" started-at="2022-07-08T11:36:12 IST" name="runScenario" description="Runs Cucumber Scenarios" data-provider="scenarios" finished-at="2022-07-08T11:36:45 IST" duration-ms="33378" status="PASS">
          <params>
            <param index="0">
              <value>
                <![CDATA["checkout the products as a guest user with ivalid delivery details"]]>
              </value>
            </param>
            <param index="1">
              <value>
                <![CDATA["Application Checkout"]]>
              </value>
            </param>
          </params>
          <reporter-output>
          </reporter-output>
        </test-method> <!-- runScenario -->
        <test-method signature="runScenario(io.cucumber.testng.PickleWrapper,io.cucumber.testng.FeatureWrapper)[pri:0, instance:runner.MyRunner@2e385cce]" started-at="2022-07-08T11:36:45 IST" name="runScenario" description="Runs Cucumber Scenarios" data-provider="scenarios" finished-at="2022-07-08T11:37:12 IST" duration-ms="26766" status="PASS">
          <params>
            <param index="0">
              <value>
                <![CDATA["checkout the products as a guest user with no deliverydetails filled"]]>
              </value>
            </param>
            <param index="1">
              <value>
                <![CDATA["Application Checkout"]]>
              </value>
            </param>
          </params>
          <reporter-output>
          </reporter-output>
        </test-method> <!-- runScenario -->
        <test-method signature="runScenario(io.cucumber.testng.PickleWrapper,io.cucumber.testng.FeatureWrapper)[pri:0, instance:runner.MyRunner@2e385cce]" started-at="2022-07-08T11:37:12 IST" name="runScenario" description="Runs Cucumber Scenarios" data-provider="scenarios" finished-at="2022-07-08T11:37:19 IST" duration-ms="6605" status="PASS">
          <params>
            <param index="0">
              <value>
                <![CDATA["Verify navigating to Home page from any page of the Applcation using Logo."]]>
              </value>
            </param>
            <param index="1">
              <value>
                <![CDATA["Application HomePage"]]>
              </value>
            </param>
          </params>
          <reporter-output>
          </reporter-output>
        </test-method> <!-- runScenario -->
        <test-method signature="runScenario(io.cucumber.testng.PickleWrapper,io.cucumber.testng.FeatureWrapper)[pri:0, instance:runner.MyRunner@2e385cce]" started-at="2022-07-08T11:37:19 IST" name="runScenario" description="Runs Cucumber Scenarios" data-provider="scenarios" finished-at="2022-07-08T11:37:25 IST" duration-ms="6482" status="PASS">
          <params>
            <param index="0">
              <value>
                <![CDATA["banner image is clickble"]]>
              </value>
            </param>
            <param index="1">
              <value>
                <![CDATA["Application HomePage"]]>
              </value>
            </param>
          </params>
          <reporter-output>
          </reporter-output>
        </test-method> <!-- runScenario -->
        <test-method signature="runScenario(io.cucumber.testng.PickleWrapper,io.cucumber.testng.FeatureWrapper)[pri:0, instance:runner.MyRunner@2e385cce]" started-at="2022-07-08T11:37:25 IST" name="runScenario" description="Runs Cucumber Scenarios" data-provider="scenarios" finished-at="2022-07-08T11:37:33 IST" duration-ms="7443" status="PASS">
          <params>
            <param index="0">
              <value>
                <![CDATA["Login with valid credentials"]]>
              </value>
            </param>
            <param index="1">
              <value>
                <![CDATA["Application Login"]]>
              </value>
            </param>
          </params>
          <reporter-output>
          </reporter-output>
        </test-method> <!-- runScenario -->
        <test-method signature="runScenario(io.cucumber.testng.PickleWrapper,io.cucumber.testng.FeatureWrapper)[pri:0, instance:runner.MyRunner@2e385cce]" started-at="2022-07-08T11:37:33 IST" name="runScenario" description="Runs Cucumber Scenarios" data-provider="scenarios" finished-at="2022-07-08T11:37:40 IST" duration-ms="7244" status="PASS">
          <params>
            <param index="0">
              <value>
                <![CDATA["Login with valid username and invalid password"]]>
              </value>
            </param>
            <param index="1">
              <value>
                <![CDATA["Application Login"]]>
              </value>
            </param>
          </params>
          <reporter-output>
          </reporter-output>
        </test-method> <!-- runScenario -->
        <test-method signature="runScenario(io.cucumber.testng.PickleWrapper,io.cucumber.testng.FeatureWrapper)[pri:0, instance:runner.MyRunner@2e385cce]" started-at="2022-07-08T11:37:40 IST" name="runScenario" description="Runs Cucumber Scenarios" data-provider="scenarios" finished-at="2022-07-08T11:37:47 IST" duration-ms="7462" status="PASS">
          <params>
            <param index="0">
              <value>
                <![CDATA["Login with invalid username and valid password"]]>
              </value>
            </param>
            <param index="1">
              <value>
                <![CDATA["Application Login"]]>
              </value>
            </param>
          </params>
          <reporter-output>
          </reporter-output>
        </test-method> <!-- runScenario -->
        <test-method signature="runScenario(io.cucumber.testng.PickleWrapper,io.cucumber.testng.FeatureWrapper)[pri:0, instance:runner.MyRunner@2e385cce]" started-at="2022-07-08T11:37:47 IST" name="runScenario" description="Runs Cucumber Scenarios" data-provider="scenarios" finished-at="2022-07-08T11:38:28 IST" duration-ms="40137" status="FAIL">
          <params>
            <param index="0">
              <value>
                <![CDATA["Ordering Products is Displayed in Order History"]]>
              </value>
            </param>
            <param index="1">
              <value>
                <![CDATA["Application Ordering Products"]]>
              </value>
            </param>
          </params>
          <exception class="org.openqa.selenium.NoSuchElementException">
            <message>
              <![CDATA[no such element: Unable to locate element: {"method":"css selector","selector":"#button-confirm"}
  (Session info: chrome=103.0.5060.114)
For documentation on this error, please visit: https://selenium.dev/exceptions/#no_such_element
Build info: version: '4.2.2', revision: '683ccb65d6'
System info: host: 'LIN20002860', ip: '192.168.200.165', os.name: 'Windows 10', os.arch: 'amd64', os.version: '10.0', java.version: '18.0.1'
Driver info: org.openqa.selenium.chrome.ChromeDriver
Command: [af5588a85a1523d2cb83285ab12fee17, findElement {using=css selector, value=#button-confirm}]
Capabilities {acceptInsecureCerts: false, browserName: chrome, browserVersion: 103.0.5060.114, chrome: {chromedriverVersion: 103.0.5060.53 (a1711811edd7..., userDataDir: C:\Users\smachiwa\AppData\L...}, goog:chromeOptions: {debuggerAddress: localhost:50418}, networkConnectionEnabled: false, pageLoadStrategy: normal, platformName: WINDOWS, proxy: Proxy(), se:cdp: ws://localhost:50418/devtoo..., se:cdpVersion: 103.0.5060.114, setWindowRect: true, strictFileInteractability: false, timeouts: {implicit: 0, pageLoad: 300000, script: 30000}, unhandledPromptBehavior: dismiss and notify, webauthn:extension:credBlob: true, webauthn:extension:largeBlob: true, webauthn:virtualAuthenticators: true}
Session ID: af5588a85a1523d2cb83285ab12fee17]]>
            </message>
            <full-stacktrace>
              <![CDATA[org.openqa.selenium.NoSuchElementException: no such element: Unable to locate element: {"method":"css selector","selector":"#button-confirm"}
  (Session info: chrome=103.0.5060.114)
For documentation on this error, please visit: https://selenium.dev/exceptions/#no_such_element
Build info: version: '4.2.2', revision: '683ccb65d6'
System info: host: 'LIN20002860', ip: '192.168.200.165', os.name: 'Windows 10', os.arch: 'amd64', os.version: '10.0', java.version: '18.0.1'
Driver info: org.openqa.selenium.chrome.ChromeDriver
Command: [af5588a85a1523d2cb83285ab12fee17, findElement {using=css selector, value=#button-confirm}]
Capabilities {acceptInsecureCerts: false, browserName: chrome, browserVersion: 103.0.5060.114, chrome: {chromedriverVersion: 103.0.5060.53 (a1711811edd7..., userDataDir: C:\Users\smachiwa\AppData\L...}, goog:chromeOptions: {debuggerAddress: localhost:50418}, networkConnectionEnabled: false, pageLoadStrategy: normal, platformName: WINDOWS, proxy: Proxy(), se:cdp: ws://localhost:50418/devtoo..., se:cdpVersion: 103.0.5060.114, setWindowRect: true, strictFileInteractability: false, timeouts: {implicit: 0, pageLoad: 300000, script: 30000}, unhandledPromptBehavior: dismiss and notify, webauthn:extension:credBlob: true, webauthn:extension:largeBlob: true, webauthn:virtualAuthenticators: true}
Session ID: af5588a85a1523d2cb83285ab12fee17
at java.base/jdk.internal.reflect.DirectConstructorHandleAccessor.newInstance(DirectConstructorHandleAccessor.java:67)
at java.base/java.lang.reflect.Constructor.newInstanceWithCaller(Constructor.java:499)
at java.base/java.lang.reflect.Constructor.newInstance(Constructor.java:483)
at org.openqa.selenium.remote.codec.w3c.W3CHttpResponseCodec.createException(W3CHttpResponseCodec.java:200)
at org.openqa.selenium.remote.codec.w3c.W3CHttpResponseCodec.decode(W3CHttpResponseCodec.java:133)
at org.openqa.selenium.remote.codec.w3c.W3CHttpResponseCodec.decode(W3CHttpResponseCodec.java:53)
at org.openqa.selenium.remote.HttpCommandExecutor.execute(HttpCommandExecutor.java:184)
at org.openqa.selenium.remote.service.DriverCommandExecutor.invokeExecute(DriverCommandExecutor.java:167)
at org.openqa.selenium.remote.service.DriverCommandExecutor.execute(DriverCommandExecutor.java:142)
at org.openqa.selenium.remote.RemoteWebDriver.execute(RemoteWebDriver.java:588)
at org.openqa.selenium.remote.ElementLocation$ElementFinder$2.findElement(ElementLocation.java:162)
at org.openqa.selenium.remote.ElementLocation.findElement(ElementLocation.java:60)
at org.openqa.selenium.remote.RemoteWebDriver.findElement(RemoteWebDriver.java:406)
at org.openqa.selenium.remote.RemoteWebDriver.findElement(RemoteWebDriver.java:398)
at org.openqa.selenium.support.pagefactory.DefaultElementLocator.findElement(DefaultElementLocator.java:70)
at org.openqa.selenium.support.pagefactory.internal.LocatingElementHandler.invoke(LocatingElementHandler.java:39)
at jdk.proxy2/jdk.proxy2.$Proxy28.click(Unknown Source)
at pageobjects.CheckoutPage.confirmorder(CheckoutPage.java:153)
at stepdefinitions.OrderingProductsTest.click_on_checkoutbutton_and_fill_all_delivery_details_order_is_placed(OrderingProductsTest.java:74)
at ✽.click on checkoutbuttons and fill all delivery details order is placed(file:///C:/Users/smachiwa/Desktop/finalllyyy/SeleniumAutomationOpenCartApplication/src/test/java/features/OrderingProducts.feature:6)
]]>
            </full-stacktrace>
          </exception> <!-- org.openqa.selenium.NoSuchElementException -->
          <reporter-output>
          </reporter-output>
        </test-method> <!-- runScenario -->
        <test-method signature="runScenario(io.cucumber.testng.PickleWrapper,io.cucumber.testng.FeatureWrapper)[pri:0, instance:runner.MyRunner@2e385cce]" started-at="2022-07-08T11:38:28 IST" name="runScenario" description="Runs Cucumber Scenarios" data-provider="scenarios" finished-at="2022-07-08T11:38:37 IST" duration-ms="9755" status="PASS">
          <params>
            <param index="0">
              <value>
                <![CDATA["RegisterWithMandatoryFields"]]>
              </value>
            </param>
            <param index="1">
              <value>
                <![CDATA["Application Register Account"]]>
              </value>
            </param>
          </params>
          <reporter-output>
          </reporter-output>
        </test-method> <!-- runScenario -->
        <test-method signature="runScenario(io.cucumber.testng.PickleWrapper,io.cucumber.testng.FeatureWrapper)[pri:0, instance:runner.MyRunner@2e385cce]" started-at="2022-07-08T11:38:37 IST" name="runScenario" description="Runs Cucumber Scenarios" data-provider="scenarios" finished-at="2022-07-08T11:38:46 IST" duration-ms="8599" status="PASS">
          <params>
            <param index="0">
              <value>
                <![CDATA["RegisterWithAllFields"]]>
              </value>
            </param>
            <param index="1">
              <value>
                <![CDATA["Application Register Account"]]>
              </value>
            </param>
          </params>
          <reporter-output>
          </reporter-output>
        </test-method> <!-- runScenario -->
        <test-method signature="runScenario(io.cucumber.testng.PickleWrapper,io.cucumber.testng.FeatureWrapper)[pri:0, instance:runner.MyRunner@2e385cce]" started-at="2022-07-08T11:38:46 IST" name="runScenario" description="Runs Cucumber Scenarios" data-provider="scenarios" finished-at="2022-07-08T11:38:54 IST" duration-ms="7939" status="PASS">
          <params>
            <param index="0">
              <value>
                <![CDATA["RegisterWithAlreadyRegisteredEmailAddress"]]>
              </value>
            </param>
            <param index="1">
              <value>
                <![CDATA["Application Register Account"]]>
              </value>
            </param>
          </params>
          <reporter-output>
          </reporter-output>
        </test-method> <!-- runScenario -->
        <test-method signature="runScenario(io.cucumber.testng.PickleWrapper,io.cucumber.testng.FeatureWrapper)[pri:0, instance:runner.MyRunner@2e385cce]" started-at="2022-07-08T11:38:54 IST" name="runScenario" description="Runs Cucumber Scenarios" data-provider="scenarios" finished-at="2022-07-08T11:39:00 IST" duration-ms="6239" status="PASS">
          <params>
            <param index="0">
              <value>
                <![CDATA["searchWithValidProduct"]]>
              </value>
            </param>
            <param index="1">
              <value>
                <![CDATA["Application Search Products"]]>
              </value>
            </param>
          </params>
          <reporter-output>
          </reporter-output>
        </test-method> <!-- runScenario -->
        <test-method signature="runScenario(io.cucumber.testng.PickleWrapper,io.cucumber.testng.FeatureWrapper)[pri:0, instance:runner.MyRunner@2e385cce]" started-at="2022-07-08T11:39:00 IST" name="runScenario" description="Runs Cucumber Scenarios" data-provider="scenarios" finished-at="2022-07-08T11:39:06 IST" duration-ms="5908" status="PASS">
          <params>
            <param index="0">
              <value>
                <![CDATA["searchWithInValidProduct"]]>
              </value>
            </param>
            <param index="1">
              <value>
                <![CDATA["Application Search Products"]]>
              </value>
            </param>
          </params>
          <reporter-output>
          </reporter-output>
        </test-method> <!-- runScenario -->
        <test-method signature="runScenario(io.cucumber.testng.PickleWrapper,io.cucumber.testng.FeatureWrapper)[pri:0, instance:runner.MyRunner@2e385cce]" started-at="2022-07-08T11:39:06 IST" name="runScenario" description="Runs Cucumber Scenarios" data-provider="scenarios" finished-at="2022-07-08T11:39:17 IST" duration-ms="10528" status="PASS">
          <params>
            <param index="0">
              <value>
                <![CDATA["searchWithoutAnyProduct"]]>
              </value>
            </param>
            <param index="1">
              <value>
                <![CDATA["Application Search Products"]]>
              </value>
            </param>
          </params>
          <reporter-output>
          </reporter-output>
        </test-method> <!-- runScenario -->
        <test-method signature="runScenario(io.cucumber.testng.PickleWrapper,io.cucumber.testng.FeatureWrapper)[pri:0, instance:runner.MyRunner@2e385cce]" started-at="2022-07-08T11:39:17 IST" name="runScenario" description="Runs Cucumber Scenarios" data-provider="scenarios" finished-at="2022-07-08T11:39:23 IST" duration-ms="6805" status="PASS">
          <params>
            <param index="0">
              <value>
                <![CDATA["As a customer I want to navigate to Shopping cart page"]]>
              </value>
            </param>
            <param index="1">
              <value>
                <![CDATA["Application ShoppingCart"]]>
              </value>
            </param>
          </params>
          <reporter-output>
          </reporter-output>
        </test-method> <!-- runScenario -->
        <test-method signature="runScenario(io.cucumber.testng.PickleWrapper,io.cucumber.testng.FeatureWrapper)[pri:0, instance:runner.MyRunner@2e385cce]" started-at="2022-07-08T11:39:23 IST" name="runScenario" description="Runs Cucumber Scenarios" data-provider="scenarios" finished-at="2022-07-08T11:39:30 IST" duration-ms="6840" status="PASS">
          <params>
            <param index="0">
              <value>
                <![CDATA["As a customer I want to Add the product to Shopping cart"]]>
              </value>
            </param>
            <param index="1">
              <value>
                <![CDATA["Application ShoppingCart"]]>
              </value>
            </param>
          </params>
          <reporter-output>
          </reporter-output>
        </test-method> <!-- runScenario -->
        <test-method signature="runScenario(io.cucumber.testng.PickleWrapper,io.cucumber.testng.FeatureWrapper)[pri:0, instance:runner.MyRunner@2e385cce]" started-at="2022-07-08T11:39:30 IST" name="runScenario" description="Runs Cucumber Scenarios" data-provider="scenarios" finished-at="2022-07-08T11:39:44 IST" duration-ms="13367" status="PASS">
          <params>
            <param index="0">
              <value>
                <![CDATA["As a customer I want to Add the product From WishList to ShoppingCart"]]>
              </value>
            </param>
            <param index="1">
              <value>
                <![CDATA["Application ShoppingCart"]]>
              </value>
            </param>
          </params>
          <reporter-output>
          </reporter-output>
        </test-method> <!-- runScenario -->
        <test-method is-config="true" signature="tearDownClass()[pri:0, instance:runner.MyRunner@2e385cce]" started-at="2022-07-08T11:39:44 IST" name="tearDownClass" finished-at="2022-07-08T11:39:44 IST" duration-ms="97" status="PASS">
          <reporter-output>
          </reporter-output>
        </test-method> <!-- tearDownClass -->
      </class> <!-- runner.MyRunner -->
    </test> <!-- Default test -->
  </suite> <!-- Default suite -->
</testng-results>
