<?xml version="1.0" encoding="UTF-8"?>
<!-- Generated by org.testng.reporters.JUnitXMLReporter -->
<testsuite ignored="0" hostname="LIN20002860" failures="0" tests="3" name="CheckoutTest" time="84.59" errors="0" timestamp="2022-07-08T04:08:16 IST">
  <testcase classname="tests.CheckoutTest" name="Checkoutwithvaliddeliverydetails" time="28.619"/>
  <testcase classname="tests.CheckoutTest" name="CheckoutwithInvaliddeliverydetails" time="25.444"/>
  <testcase classname="tests.CheckoutTest" name="Checkoutwithnofilledddeliverydetails" time="17.645"/>
</testsuite> <!-- CheckoutTest -->
