<?xml version="1.0" encoding="UTF-8"?>
<!-- Generated by org.testng.reporters.JUnitXMLReporter -->
<testsuite ignored="0" hostname="LIN20002860" failures="0" tests="3" name="LoginTest" time="13.69" errors="0" timestamp="2022-07-08T04:05:33 IST">
  <testcase classname="tests.LoginTest" name="loginWithValidCredentials" time="0.937"/>
  <testcase classname="tests.LoginTest" name="loginWithValidUsernameAndInvalidPassword" time="0.811"/>
  <testcase classname="tests.LoginTest" name="loginWithInvalidUsernameAndValidPassword" time="0.852"/>
</testsuite> <!-- LoginTest -->
